
[2026-07-03 07:02:09] TO: albertmasinde@outlook.com | REPLY-TO: (none)
SUBJECT: We received your demo request
------------------------------------------------------------
Hi Albert,Thanks for requesting a demo of SchoolMS for NABUNGA S.A SECONDARY SCHOOL. Our team will reach out within one business day to schedule a time.— The SchoolMS Team

[2026-07-03 07:02:09] TO: you@yourdomain.com | REPLY-TO: albertmasinde@outlook.com
SUBJECT: New demo request: NABUNGA S.A SECONDARY SCHOOL
------------------------------------------------------------
New demo request:School: NABUNGA S.A SECONDARY SCHOOLContact: Albert Masinde &lt;albertmasinde@outlook.com&gt;Phone: 0725034005Size: 100-500Message: —

[2026-07-03 07:02:09] TO: albertmasinde@outlook.com | REPLY-TO: (none)
SUBJECT: We received your demo request
------------------------------------------------------------
Hi Albert,Thanks for requesting a demo of SchoolMS for NABUNGA S.A SECONDARY SCHOOL. Our team will reach out within one business day to schedule a time.— The SchoolMS Team

[2026-07-03 08:14:26] TO: albertmasinde@outlook.com | REPLY-TO: (none)
SUBJECT: Your school account is ready
------------------------------------------------------------
Hi Albert,Great news — your SchoolMS account for NABUNGA S.A SECONDARY SCHOOL is set up. We'll be in touch shortly with your login details.— The SchoolMS Team

[2026-07-03 10:24:05] TO: albertmasinde4@gmail.com | REPLY-TO: (none)
SUBJECT: We received your demo request
------------------------------------------------------------
Hi Albert,Thanks for requesting a demo of SchoolMS for Baraka Academy. Our team will reach out within one business day to schedule a time.— The SchoolMS Team

[2026-07-03 10:24:05] TO: you@yourdomain.com | REPLY-TO: albertmasinde4@gmail.com
SUBJECT: New demo request: Baraka Academy
------------------------------------------------------------
New demo request:School: Baraka AcademyContact: Albert Masinde &lt;albertmasinde4@gmail.com&gt;Phone: 0758465475Size: 100-500Message: Private School

[2026-07-03 10:56:40] TO: albertmasinde4@gmail.com | REPLY-TO: (none)
SUBJECT: Your school account is ready
------------------------------------------------------------
Hi Albert,Great news — your SchoolMS account for Baraka Academy is set up.Your school's sign-in page: http://baraka-academy-c273.easyschools.com:8000/login(Bookmark this — it's the direct link straight to your school, not the general site.)We'll follow up shortly with your login credentials.— The SchoolMS Team

[2026-07-03 11:03:03] TO: pmwangi@utumishi.com | REPLY-TO: (none)
SUBJECT: We received your demo request
------------------------------------------------------------
Hi Paul,Thanks for requesting a demo of SchoolMS for Utumishi Academy. Our team will reach out within one business day to schedule a time.— The SchoolMS Team

[2026-07-03 11:03:03] TO: you@yourdomain.com | REPLY-TO: pmwangi@utumishi.com
SUBJECT: New demo request: Utumishi Academy
------------------------------------------------------------
New demo request:School: Utumishi AcademyContact: Paul Mwangi &lt;pmwangi@utumishi.com&gt;Phone: 07473096493Size: 100-500Message: —

[2026-07-03 11:09:13] TO: pmwangi@utumishi.com | REPLY-TO: (none)
SUBJECT: Your school account is ready
------------------------------------------------------------
Hi Paul,Great news — your SchoolMS account for Utumishi Academy is set up.We'll send your sign-in link separately shortly.We'll follow up shortly with your login credentials.— The SchoolMS Team
